mode: set
github.com/nchukkaio/goweblearning/cmd/web/main.go:23.13,25.16 2 0
github.com/nchukkaio/goweblearning/cmd/web/main.go:28.2,36.16 4 0
github.com/nchukkaio/goweblearning/cmd/web/main.go:25.16,27.3 1 0
github.com/nchukkaio/goweblearning/cmd/web/main.go:36.16,38.3 1 0
github.com/nchukkaio/goweblearning/cmd/web/main.go:41.18,57.16 10 1
github.com/nchukkaio/goweblearning/cmd/web/main.go:62.2,70.12 6 1
github.com/nchukkaio/goweblearning/cmd/web/main.go:57.16,60.3 2 0
github.com/nchukkaio/goweblearning/cmd/web/middleware.go:10.45,20.2 3 1
github.com/nchukkaio/goweblearning/cmd/web/middleware.go:23.50,25.2 1 1
github.com/nchukkaio/goweblearning/cmd/web/routes.go:12.49,36.2 18 1
