mode: set
github.com/nchukkaio/goweblearning/internal/handlers/handlers.go:29.62,34.2 1 1
github.com/nchukkaio/goweblearning/internal/handlers/handlers.go:37.51,42.2 1 1
github.com/nchukkaio/goweblearning/internal/handlers/handlers.go:45.33,47.2 1 1
github.com/nchukkaio/goweblearning/internal/handlers/handlers.go:50.67,52.2 1 1
github.com/nchukkaio/goweblearning/internal/handlers/handlers.go:55.68,58.2 1 1
github.com/nchukkaio/goweblearning/internal/handlers/handlers.go:61.74,63.9 2 1
github.com/nchukkaio/goweblearning/internal/handlers/handlers.go:69.2,70.16 2 1
github.com/nchukkaio/goweblearning/internal/handlers/handlers.go:76.2,90.4 10 1
github.com/nchukkaio/goweblearning/internal/handlers/handlers.go:63.9,67.3 3 1
github.com/nchukkaio/goweblearning/internal/handlers/handlers.go:70.16,74.3 3 1
github.com/nchukkaio/goweblearning/internal/handlers/handlers.go:94.78,96.16 2 1
github.com/nchukkaio/goweblearning/internal/handlers/handlers.go:101.2,106.16 5 1
github.com/nchukkaio/goweblearning/internal/handlers/handlers.go:111.2,112.16 2 1
github.com/nchukkaio/goweblearning/internal/handlers/handlers.go:117.2,118.16 2 1
github.com/nchukkaio/goweblearning/internal/handlers/handlers.go:123.2,136.19 6 1
github.com/nchukkaio/goweblearning/internal/handlers/handlers.go:146.2,147.16 2 1
github.com/nchukkaio/goweblearning/internal/handlers/handlers.go:152.2,160.16 3 1
github.com/nchukkaio/goweblearning/internal/handlers/handlers.go:165.2,166.66 2 1
github.com/nchukkaio/goweblearning/internal/handlers/handlers.go:96.16,100.3 3 1
github.com/nchukkaio/goweblearning/internal/handlers/handlers.go:106.16,110.3 3 1
github.com/nchukkaio/goweblearning/internal/handlers/handlers.go:112.16,116.3 3 1
github.com/nchukkaio/goweblearning/internal/handlers/handlers.go:118.16,122.3 3 1
github.com/nchukkaio/goweblearning/internal/handlers/handlers.go:136.19,145.3 5 1
github.com/nchukkaio/goweblearning/internal/handlers/handlers.go:147.16,151.3 3 1
github.com/nchukkaio/goweblearning/internal/handlers/handlers.go:160.16,164.3 3 1
github.com/nchukkaio/goweblearning/internal/handlers/handlers.go:170.81,172.9 2 1
github.com/nchukkaio/goweblearning/internal/handlers/handlers.go:177.2,188.4 9 1
github.com/nchukkaio/goweblearning/internal/handlers/handlers.go:172.9,176.3 3 1
github.com/nchukkaio/goweblearning/internal/handlers/handlers.go:192.71,194.2 1 1
github.com/nchukkaio/goweblearning/internal/handlers/handlers.go:197.69,199.2 1 1
github.com/nchukkaio/goweblearning/internal/handlers/handlers.go:202.75,204.2 1 1
github.com/nchukkaio/goweblearning/internal/handlers/handlers.go:207.79,209.16 2 1
github.com/nchukkaio/goweblearning/internal/handlers/handlers.go:214.2,219.16 5 1
github.com/nchukkaio/goweblearning/internal/handlers/handlers.go:224.2,225.16 2 1
github.com/nchukkaio/goweblearning/internal/handlers/handlers.go:231.2,232.16 2 1
github.com/nchukkaio/goweblearning/internal/handlers/handlers.go:237.2,237.21 1 1
github.com/nchukkaio/goweblearning/internal/handlers/handlers.go:243.2,252.4 5 1
github.com/nchukkaio/goweblearning/internal/handlers/handlers.go:209.16,213.3 3 1
github.com/nchukkaio/goweblearning/internal/handlers/handlers.go:219.16,223.3 3 1
github.com/nchukkaio/goweblearning/internal/handlers/handlers.go:225.16,229.3 3 1
github.com/nchukkaio/goweblearning/internal/handlers/handlers.go:232.16,236.3 3 1
github.com/nchukkaio/goweblearning/internal/handlers/handlers.go:237.21,242.3 3 1
github.com/nchukkaio/goweblearning/internal/handlers/handlers.go:264.79,266.16 2 1
github.com/nchukkaio/goweblearning/internal/handlers/handlers.go:277.2,285.16 8 1
github.com/nchukkaio/goweblearning/internal/handlers/handlers.go:295.2,305.14 4 1
github.com/nchukkaio/goweblearning/internal/handlers/handlers.go:266.16,275.3 5 1
github.com/nchukkaio/goweblearning/internal/handlers/handlers.go:285.16,294.3 5 1
github.com/nchukkaio/goweblearning/internal/handlers/handlers.go:310.73,314.16 3 1
github.com/nchukkaio/goweblearning/internal/handlers/handlers.go:320.2,321.9 2 1
github.com/nchukkaio/goweblearning/internal/handlers/handlers.go:327.2,331.63 3 1
github.com/nchukkaio/goweblearning/internal/handlers/handlers.go:314.16,318.3 3 1
github.com/nchukkaio/goweblearning/internal/handlers/handlers.go:321.9,325.3 3 1
github.com/nchukkaio/goweblearning/internal/handlers/handlers.go:335.71,348.16 12 1
github.com/nchukkaio/goweblearning/internal/handlers/handlers.go:354.2,357.63 3 1
github.com/nchukkaio/goweblearning/internal/handlers/handlers.go:348.16,352.3 3 1
github.com/nchukkaio/goweblearning/internal/handlers/handlers.go:361.70,363.2 1 1
