mode: set
github.com/nchukkaio/goweblearning/internal/handlers/handlers.go:30.62,35.2 1 0
github.com/nchukkaio/goweblearning/internal/handlers/handlers.go:38.51,43.2 1 1
github.com/nchukkaio/goweblearning/internal/handlers/handlers.go:46.33,48.2 1 1
github.com/nchukkaio/goweblearning/internal/handlers/handlers.go:51.67,53.2 1 1
github.com/nchukkaio/goweblearning/internal/handlers/handlers.go:56.68,59.2 1 1
github.com/nchukkaio/goweblearning/internal/handlers/handlers.go:62.74,64.9 2 1
github.com/nchukkaio/goweblearning/internal/handlers/handlers.go:70.2,71.16 2 1
github.com/nchukkaio/goweblearning/internal/handlers/handlers.go:77.2,91.4 10 1
github.com/nchukkaio/goweblearning/internal/handlers/handlers.go:64.9,68.3 3 1
github.com/nchukkaio/goweblearning/internal/handlers/handlers.go:71.16,75.3 3 1
github.com/nchukkaio/goweblearning/internal/handlers/handlers.go:95.78,97.16 2 1
github.com/nchukkaio/goweblearning/internal/handlers/handlers.go:102.2,107.16 5 1
github.com/nchukkaio/goweblearning/internal/handlers/handlers.go:112.2,113.16 2 1
github.com/nchukkaio/goweblearning/internal/handlers/handlers.go:118.2,119.16 2 1
github.com/nchukkaio/goweblearning/internal/handlers/handlers.go:124.2,137.19 6 1
github.com/nchukkaio/goweblearning/internal/handlers/handlers.go:147.2,148.16 2 1
github.com/nchukkaio/goweblearning/internal/handlers/handlers.go:153.2,161.16 3 1
github.com/nchukkaio/goweblearning/internal/handlers/handlers.go:166.2,167.66 2 1
github.com/nchukkaio/goweblearning/internal/handlers/handlers.go:97.16,101.3 3 1
github.com/nchukkaio/goweblearning/internal/handlers/handlers.go:107.16,111.3 3 1
github.com/nchukkaio/goweblearning/internal/handlers/handlers.go:113.16,117.3 3 1
github.com/nchukkaio/goweblearning/internal/handlers/handlers.go:119.16,123.3 3 1
github.com/nchukkaio/goweblearning/internal/handlers/handlers.go:137.19,146.3 5 1
github.com/nchukkaio/goweblearning/internal/handlers/handlers.go:148.16,152.3 3 1
github.com/nchukkaio/goweblearning/internal/handlers/handlers.go:161.16,165.3 3 1
github.com/nchukkaio/goweblearning/internal/handlers/handlers.go:171.81,173.9 2 0
github.com/nchukkaio/goweblearning/internal/handlers/handlers.go:179.2,190.4 9 0
github.com/nchukkaio/goweblearning/internal/handlers/handlers.go:173.9,178.3 4 0
github.com/nchukkaio/goweblearning/internal/handlers/handlers.go:194.71,196.2 1 1
github.com/nchukkaio/goweblearning/internal/handlers/handlers.go:199.69,201.2 1 1
github.com/nchukkaio/goweblearning/internal/handlers/handlers.go:204.75,206.2 1 1
github.com/nchukkaio/goweblearning/internal/handlers/handlers.go:209.79,215.16 5 0
github.com/nchukkaio/goweblearning/internal/handlers/handlers.go:219.2,220.16 2 0
github.com/nchukkaio/goweblearning/internal/handlers/handlers.go:225.2,226.16 2 0
github.com/nchukkaio/goweblearning/internal/handlers/handlers.go:230.2,230.21 1 0
github.com/nchukkaio/goweblearning/internal/handlers/handlers.go:236.2,245.4 5 0
github.com/nchukkaio/goweblearning/internal/handlers/handlers.go:215.16,218.3 2 0
github.com/nchukkaio/goweblearning/internal/handlers/handlers.go:220.16,223.3 2 0
github.com/nchukkaio/goweblearning/internal/handlers/handlers.go:226.16,229.3 2 0
github.com/nchukkaio/goweblearning/internal/handlers/handlers.go:230.21,235.3 3 0
github.com/nchukkaio/goweblearning/internal/handlers/handlers.go:257.79,277.16 10 0
github.com/nchukkaio/goweblearning/internal/handlers/handlers.go:282.2,283.14 2 0
github.com/nchukkaio/goweblearning/internal/handlers/handlers.go:277.16,280.3 2 0
github.com/nchukkaio/goweblearning/internal/handlers/handlers.go:288.73,290.16 2 0
github.com/nchukkaio/goweblearning/internal/handlers/handlers.go:294.2,295.9 2 0
github.com/nchukkaio/goweblearning/internal/handlers/handlers.go:300.2,302.63 3 0
github.com/nchukkaio/goweblearning/internal/handlers/handlers.go:290.16,293.3 2 0
github.com/nchukkaio/goweblearning/internal/handlers/handlers.go:295.9,298.3 2 0
github.com/nchukkaio/goweblearning/internal/handlers/handlers.go:306.71,319.16 12 0
github.com/nchukkaio/goweblearning/internal/handlers/handlers.go:324.2,327.63 3 0
github.com/nchukkaio/goweblearning/internal/handlers/handlers.go:319.16,322.3 2 0
github.com/nchukkaio/goweblearning/internal/handlers/handlers.go:331.70,333.2 1 1
